<?xml version="1.0" encoding="UTF-8"?>
<!-- Generated by org.testng.reporters.JUnitReportReporter -->
<testsuite hostname="ATT-418" failures="0" tests="1" name="com.leaftaps.ui.leads.testcases.TC_DuplicateLead" time="25.142" errors="0" timestamp="2022-09-25T02:29:29 IST" skipped="0">
  <testcase classname="com.leaftaps.ui.leads.testcases.TC_DuplicateLead" name="runDuplicateLead" time="25.142"/>
</testsuite> <!-- com.leaftaps.ui.leads.testcases.TC_DuplicateLead -->
