<?xml version="1.0" encoding="UTF-8"?>
<!-- Generated by org.testng.reporters.JUnitReportReporter -->
<testsuite hostname="ATT-418" failures="0" tests="2" name="com.leaftaps.ui.leads.testcases.CreateLead" time="38.154" errors="0" timestamp="2022-09-24T13:12:53 IST" skipped="0">
  <testcase classname="com.leaftaps.ui.leads.testcases.CreateLead" name="runCreateLead" time="15.830"/>
  <testcase classname="com.leaftaps.ui.leads.testcases.CreateLead" name="runCreateLead" time="22.324"/>
</testsuite> <!-- com.leaftaps.ui.leads.testcases.CreateLead -->
