<?xml version="1.0" encoding="UTF-8"?>
<!-- Generated by org.testng.reporters.JUnitReportReporter -->
<testsuite hostname="ATT-418" failures="0" tests="1" name="com.leaftaps.ui.leads.testcases.TC_DeleteLead" time="19.996" errors="0" timestamp="2022-09-25T02:32:00 IST" skipped="0">
  <testcase classname="com.leaftaps.ui.leads.testcases.TC_DeleteLead" name="runDeleteLead" time="19.996"/>
</testsuite> <!-- com.leaftaps.ui.leads.testcases.TC_DeleteLead -->
